<?xml version="1.0" encoding="UTF-8"?>
<testng-results ignored="0" total="1" passed="1" failed="0" skipped="0">
  <reporter-output>
  </reporter-output>
  <suite started-at="2024-02-18T21:11:14 IST" name="Default suite" finished-at="2024-02-18T21:11:16 IST" duration-ms="2142">
    <groups>
    </groups>
    <test started-at="2024-02-18T21:11:14 IST" name="Default test" finished-at="2024-02-18T21:11:16 IST" duration-ms="2142">
      <class name="ProductAPI.ProductLambokTest">
        <test-method signature="getProductsTestWithPOJO_LOMBOK()[pri:0, instance:ProductAPI.ProductLambokTest@3cc1435c]" started-at="2024-02-18T21:11:14 IST" name="getProductsTestWithPOJO_LOMBOK" finished-at="2024-02-18T21:11:16 IST" duration-ms="2109" status="PASS">
          <reporter-output>
          </reporter-output>
        </test-method> <!-- getProductsTestWithPOJO_LOMBOK -->
      </class> <!-- ProductAPI.ProductLambokTest -->
    </test> <!-- Default test -->
  </suite> <!-- Default suite -->
</testng-results>
